[03-Sep-2025 16:08:04 Europe/Berlin] PHP Warning:  preg_match(): Compilation failed: PCRE2 does not support \F, \L, \l, \N{name}, \U, or \u at offset 10 in C:\xammp\htdocs\digital_platform\send_emaul.php on line 32
[03-Sep-2025 16:08:20 Europe/Berlin] PHP Warning:  preg_match(): Compilation failed: PCRE2 does not support \F, \L, \l, \N{name}, \U, or \u at offset 10 in C:\xammp\htdocs\digital_platform\send_emaul.php on line 32
[03-Sep-2025 16:31:41 Europe/Berlin] PHP Warning:  mail(): Failed to connect to mailserver at &quot;localhost&quot; port 25, verify your &quot;SMTP&quot; and &quot;smtp_port&quot; setting in php.ini or use ini_set() in C:\xammp\htdocs\digital_platform\Ar.php on line 39
[03-Sep-2025 16:31:41 Europe/Berlin] Failed to send email: mail(): Failed to connect to mailserver at &quot;localhost&quot; port 25, verify your &quot;SMTP&quot; and &quot;smtp_port&quot; setting in php.ini or use ini_set()
[03-Sep-2025 18:23:30 Europe/Berlin] PHP Deprecated:  Constant FILTER_SANITIZE_STRING is deprecated in C:\xammp\htdocs\digital_platform\send_email.php on line 37
[03-Sep-2025 18:25:35 Europe/Berlin] PHP Deprecated:  Constant FILTER_SANITIZE_STRING is deprecated in C:\xammp\htdocs\digital_platform\send_email.php on line 37
[03-Sep-2025 21:02:13 Europe/Berlin] PHPMailer Error: SMTP Error: Could not connect to SMTP host. Failed to connect to serverSMTP server error: Failed to connect to server Additional SMTP info: php_network_getaddresses: getaddrinfo for smtp.gmail.com failed: This is usually a temporary error during hostname resolution and means that the local server did not receive a response from an authoritative server. 
[03-Sep-2025 21:02:41 Europe/Berlin] PHPMailer Error: SMTP Error: Could not connect to SMTP host. Failed to connect to serverSMTP server error: Failed to connect to server Additional SMTP info: php_network_getaddresses: getaddrinfo for smtp.gmail.com failed: This is usually a temporary error during hostname resolution and means that the local server did not receive a response from an authoritative server. 
[03-Sep-2025 21:03:08 Europe/Berlin] PHP Deprecated:  Constant FILTER_SANITIZE_STRING is deprecated in C:\xammp\htdocs\digital_platform\send_email.php on line 37
[03-Sep-2025 21:10:09 Europe/Berlin] PHP Deprecated:  Constant FILTER_SANITIZE_STRING is deprecated in C:\xammp\htdocs\digital_platform\send_email.php on line 37
[08-Sep-2025 11:35:40 Europe/Berlin] PHP Deprecated:  Constant FILTER_SANITIZE_STRING is deprecated in C:\xammp\htdocs\digital_platform\send_email.php on line 37
[08-Sep-2025 11:36:03 Europe/Berlin] PHPMailer error: SMTP Error: Could not connect to SMTP host. Called STARTTLS without being connected
[08-Sep-2025 11:36:56 Europe/Berlin] PHPMailer Error: SMTP Error: Could not connect to SMTP host. Called STARTTLS without being connectedSMTP server error: Called QUIT without being connected
[08-Sep-2025 11:41:39 Europe/Berlin] PHP Deprecated:  Constant FILTER_SANITIZE_STRING is deprecated in C:\xammp\htdocs\digital_platform\send_email.php on line 37
[08-Sep-2025 11:42:05 Europe/Berlin] PHPMailer error: SMTP Error: Could not connect to SMTP host. Called STARTTLS without being connected
[08-Sep-2025 11:58:19 Europe/Berlin] PHP Deprecated:  Constant FILTER_SANITIZE_STRING is deprecated in C:\xammp\htdocs\digital_platform\send_email.php on line 48
[08-Sep-2025 11:58:50 Europe/Berlin] PHP Deprecated:  Constant FILTER_SANITIZE_STRING is deprecated in C:\xammp\htdocs\digital_platform\send_emaul.php on line 48
[08-Sep-2025 12:09:42 Europe/Berlin] PHP Deprecated:  Constant FILTER_SANITIZE_STRING is deprecated in C:\xammp\htdocs\digital_platform\send_emaul.php on line 48
[08-Sep-2025 12:12:36 Europe/Berlin] PHP Deprecated:  Constant FILTER_SANITIZE_STRING is deprecated in C:\xammp\htdocs\digital_platform\send_email.php on line 48
[08-Sep-2025 22:32:43 Europe/Berlin] PHP Deprecated:  Constant FILTER_SANITIZE_STRING is deprecated in C:\xammp\htdocs\digital_platform\send_emaul.php on line 48
[09-Sep-2025 21:11:16 Europe/Berlin] PHP Deprecated:  Constant FILTER_SANITIZE_STRING is deprecated in C:\xammp\htdocs\digital_platform\send_emaul.php on line 48
[10-Sep-2025 19:30:31 Europe/Berlin] PHP Deprecated:  Constant FILTER_SANITIZE_STRING is deprecated in C:\xammp\htdocs\digital_platform\send_email.php on line 48
[14-Sep-2025 14:34:31 Europe/Berlin] PHP Deprecated:  Constant FILTER_SANITIZE_STRING is deprecated in C:\xammp\htdocs\digital_platform\send_email.php on line 48
[14-Sep-2025 18:54:04 Europe/Berlin] PHP Deprecated:  Constant FILTER_SANITIZE_STRING is deprecated in C:\xammp\htdocs\digital_platform\send_email.php on line 48
[15-Sep-2025 17:00:13 Europe/Berlin] PHP Deprecated:  Constant FILTER_SANITIZE_STRING is deprecated in C:\xammp\htdocs\digital_platform\send_email.php on line 48
[15-Sep-2025 18:55:04 Europe/Berlin] PHP Deprecated:  Constant FILTER_SANITIZE_STRING is deprecated in C:\xammp\htdocs\digital_platform\send_emaul.php on line 48
[16-Sep-2025 17:35:15 Europe/Berlin] PHP Deprecated:  Constant FILTER_SANITIZE_STRING is deprecated in C:\xammp\htdocs\digital_platform\send_email.php on line 48
[16-Sep-2025 17:35:27 Europe/Berlin] PHPMailer error: SMTP Error: Could not connect to SMTP host. Failed to connect to server
[20-Sep-2025 10:34:24 Europe/Berlin] PHP Deprecated:  Constant FILTER_SANITIZE_STRING is deprecated in C:\xammp\htdocs\digital_platform\send_email.php on line 48
